17-May-2026 18:34:27.281 INFO [main] org.apache.catalina.startup.VersionLoggerListener.log Nom version serveur :              Apache Tomcat/9.0.117
17-May-2026 18:34:27.287 INFO [main] org.apache.catalina.startup.VersionLoggerListener.log Serveur compilé :                  Mar 30 2026 18:21:16 UTC
17-May-2026 18:34:27.287 INFO [main] org.apache.catalina.startup.VersionLoggerListener.log Version du serveur :               9.0.117.0
17-May-2026 18:34:27.288 INFO [main] org.apache.catalina.startup.VersionLoggerListener.log Nom de l'OS :                      Windows 10
17-May-2026 18:34:27.288 INFO [main] org.apache.catalina.startup.VersionLoggerListener.log Version OS :                       10.0
17-May-2026 18:34:27.288 INFO [main] org.apache.catalina.startup.VersionLoggerListener.log Architecture :                     amd64
17-May-2026 18:34:27.288 INFO [main] org.apache.catalina.startup.VersionLoggerListener.log Java Home :                        C:\Users\Ingénieur Jawher\.jdks\openjdk-26.0.1
17-May-2026 18:34:27.289 INFO [main] org.apache.catalina.startup.VersionLoggerListener.log Version JVM :                      26.0.1+8-34
17-May-2026 18:34:27.289 INFO [main] org.apache.catalina.startup.VersionLoggerListener.log Fournisseur de la JVM :            Oracle Corporation
17-May-2026 18:34:27.289 INFO [main] org.apache.catalina.startup.VersionLoggerListener.log CATALINA_BASE :                    C:\Users\Ingénieur Jawher\Downloads\retail_store-main\retail_store-main\src\main\webapp
17-May-2026 18:34:27.289 INFO [main] org.apache.catalina.startup.VersionLoggerListener.log CATALINA_HOME :                    C:\apache-tomcat-9.0.117
17-May-2026 18:34:27.304 INFO [main] org.apache.catalina.startup.VersionLoggerListener.log Argument de la ligne de commande : --add-opens=java.base/java.lang=ALL-UNNAMED
17-May-2026 18:34:27.305 INFO [main] org.apache.catalina.startup.VersionLoggerListener.log Argument de la ligne de commande : --add-opens=java.base/java.io=ALL-UNNAMED
17-May-2026 18:34:27.305 INFO [main] org.apache.catalina.startup.VersionLoggerListener.log Argument de la ligne de commande : --add-opens=java.base/java.util=ALL-UNNAMED
17-May-2026 18:34:27.305 INFO [main] org.apache.catalina.startup.VersionLoggerListener.log Argument de la ligne de commande : --add-opens=java.base/java.util.concurrent=ALL-UNNAMED
17-May-2026 18:34:27.305 INFO [main] org.apache.catalina.startup.VersionLoggerListener.log Argument de la ligne de commande : --add-opens=java.rmi/sun.rmi.transport=ALL-UNNAMED
17-May-2026 18:34:27.306 INFO [main] org.apache.catalina.startup.VersionLoggerListener.log Argument de la ligne de commande : -Dcatalina.home=C:\apache-tomcat-9.0.117
17-May-2026 18:34:27.306 INFO [main] org.apache.catalina.startup.VersionLoggerListener.log Argument de la ligne de commande : -Dcatalina.base=C:\Users\Ingénieur Jawher\Downloads\retail_store-main\retail_store-main\src\main\webapp
17-May-2026 18:34:27.306 INFO [main] org.apache.catalina.startup.VersionLoggerListener.log Argument de la ligne de commande : -Djava.io.tmpdir=C:\Users\Ingénieur Jawher\Downloads\retail_store-main\retail_store-main\src\main\webapp\temp
17-May-2026 18:34:27.306 INFO [main] org.apache.catalina.startup.VersionLoggerListener.log Argument de la ligne de commande : -Djava.util.logging.config.file=C:\Users\Ingénieur Jawher\Downloads\retail_store-main\retail_store-main\src\main\webapp\conf\logging.properties
17-May-2026 18:34:27.306 INFO [main] org.apache.catalina.startup.VersionLoggerListener.log Argument de la ligne de commande : -Djava.util.logging.manager=org.apache.juli.ClassLoaderLogManager
17-May-2026 18:34:27.307 INFO [main] org.apache.catalina.startup.VersionLoggerListener.log Argument de la ligne de commande : -javaagent:C:\Program Files\JetBrains\IntelliJ IDEA 2025.3.2\lib\idea_rt.jar=63472
17-May-2026 18:34:27.307 INFO [main] org.apache.catalina.startup.VersionLoggerListener.log Argument de la ligne de commande : -Dfile.encoding=UTF-8
17-May-2026 18:34:27.307 INFO [main] org.apache.catalina.startup.VersionLoggerListener.log Argument de la ligne de commande : -Dsun.stdout.encoding=UTF-8
17-May-2026 18:34:27.307 INFO [main] org.apache.catalina.startup.VersionLoggerListener.log Argument de la ligne de commande : -Dsun.stderr.encoding=UTF-8
17-May-2026 18:34:27.315 INFO [main] org.apache.catalina.core.AprLifecycleListener.lifecycleEvent Chargement de la librairie Apache Tomcat Native [1.3.7] en utilisant APR version [1.7.6]
17-May-2026 18:34:27.315 INFO [main] org.apache.catalina.core.AprLifecycleListener.lifecycleEvent Fonctionnalités d'APR : IPv6 [true], sendfile [true], accept filters [false], random [true], UDS [true]
17-May-2026 18:34:27.315 INFO [main] org.apache.catalina.core.AprLifecycleListener.lifecycleEvent Configuration de APR/OpenSSL : useAprConnector [false], useOpenSSL [true]
17-May-2026 18:34:27.330 INFO [main] org.apache.catalina.core.AprLifecycleListener.initializeSSL OpenSSL a été initialisé avec succès [OpenSSL 3.0.19 27 Jan 2026]
17-May-2026 18:34:28.122 INFO [main] org.apache.coyote.AbstractProtocol.init Initialisation du gestionnaire de protocole ["http-nio-8082"]
17-May-2026 18:34:28.170 INFO [main] org.apache.catalina.startup.Catalina.load L'initialisation du serveur a pris [1442] millisecondes
17-May-2026 18:34:28.275 INFO [main] org.apache.catalina.core.StandardService.startInternal Démarrage du service [Catalina]
17-May-2026 18:34:28.276 INFO [main] org.apache.catalina.core.StandardEngine.startInternal Démarrage du moteur de Servlets : [Apache Tomcat/9.0.117]
17-May-2026 18:34:28.296 INFO [main] org.apache.catalina.startup.HostConfig.deployDescriptor Déploiement du descripteur de configuration [C:\Users\Ingénieur Jawher\Downloads\retail_store-main\retail_store-main\src\main\webapp\conf\Catalina\localhost\webapp.xml]
17-May-2026 18:34:28.369 WARNING [main] org.apache.catalina.startup.HostConfig.deployDescriptor L'attribut path avec la valeur [/retail_store] dans le descripteur de déploiement [C:\Users\Ingénieur Jawher\Downloads\retail_store-main\retail_store-main\src\main\webapp\conf\Catalina\localhost\webapp.xml] a été ignoré
17-May-2026 18:34:28.865 WARNING [main] org.apache.tomcat.util.descriptor.web.WebXml.setVersion Version [6.0] inconnue, utilisation de la version par défaut
17-May-2026 18:34:29.045 SEVERE [main] org.apache.catalina.startup.HostConfig.deployDescriptor Erreur lors du déploiement du descripteur de configuration [C:\Users\Ingénieur Jawher\Downloads\retail_store-main\retail_store-main\src\main\webapp\conf\Catalina\localhost\webapp.xml]
	java.lang.IllegalStateException: Erreur lors du démarrage du conteneur fils
		at org.apache.catalina.core.ContainerBase.addChildInternal(ContainerBase.java:600)
		at org.apache.catalina.core.ContainerBase.addChild(ContainerBase.java:569)
		at org.apache.catalina.core.StandardHost.addChild(StandardHost.java:608)
		at org.apache.catalina.startup.HostConfig.deployDescriptor(HostConfig.java:677)
		at org.apache.catalina.startup.HostConfig$DeployDescriptor.run(HostConfig.java:1836)
		at java.base/java.util.concurrent.Executors$RunnableAdapter.call(Executors.java:545)
		at java.base/java.util.concurrent.FutureTask.run(FutureTask.java:330)
		at org.apache.tomcat.util.threads.InlineExecutorService.execute(InlineExecutorService.java:82)
		at java.base/java.util.concurrent.AbstractExecutorService.submit(AbstractExecutorService.java:125)
		at org.apache.catalina.startup.HostConfig.deployDescriptors(HostConfig.java:572)
		at org.apache.catalina.startup.HostConfig.deployApps(HostConfig.java:463)
		at org.apache.catalina.startup.HostConfig.start(HostConfig.java:1576)
		at org.apache.catalina.startup.HostConfig.lifecycleEvent(HostConfig.java:309)
		at org.apache.catalina.util.LifecycleBase.fireLifecycleEvent(LifecycleBase.java:109)
		at org.apache.catalina.util.LifecycleBase.setStateInternal(LifecycleBase.java:389)
		at org.apache.catalina.util.LifecycleBase.setState(LifecycleBase.java:336)
		at org.apache.catalina.core.ContainerBase.startInternal(ContainerBase.java:774)
		at org.apache.catalina.core.StandardHost.startInternal(StandardHost.java:726)
		at org.apache.catalina.util.LifecycleBase.start(LifecycleBase.java:164)
		at org.apache.catalina.core.ContainerBase$StartChild.call(ContainerBase.java:1201)
		at org.apache.catalina.core.ContainerBase$StartChild.call(ContainerBase.java:1191)
		at java.base/java.util.concurrent.FutureTask.run(FutureTask.java:330)
		at org.apache.tomcat.util.threads.InlineExecutorService.execute(InlineExecutorService.java:82)
		at java.base/java.util.concurrent.AbstractExecutorService.submit(AbstractExecutorService.java:149)
		at org.apache.catalina.core.ContainerBase.startInternal(ContainerBase.java:747)
		at org.apache.catalina.core.StandardEngine.startInternal(StandardEngine.java:209)
		at org.apache.catalina.util.LifecycleBase.start(LifecycleBase.java:164)
		at org.apache.catalina.core.StandardService.startInternal(StandardService.java:410)
		at org.apache.catalina.util.LifecycleBase.start(LifecycleBase.java:164)
		at org.apache.catalina.core.StandardServer.startInternal(StandardServer.java:872)
		at org.apache.catalina.util.LifecycleBase.start(LifecycleBase.java:164)
		at org.apache.catalina.startup.Catalina.start(Catalina.java:736)
		at java.base/jdk.internal.reflect.DirectMethodHandleAccessor.invoke(DirectMethodHandleAccessor.java:104)
		at java.base/java.lang.reflect.Method.invoke(Method.java:565)
		at org.apache.catalina.startup.Bootstrap.start(Bootstrap.java:342)
		at org.apache.catalina.startup.Bootstrap.main(Bootstrap.java:473)
	Caused by: org.apache.catalina.LifecycleException: Echec de démarrage du composant [StandardEngine[Catalina].StandardHost[localhost].StandardContext[/webapp]]
		at org.apache.catalina.util.LifecycleBase.handleSubClassException(LifecycleBase.java:404)
		at org.apache.catalina.util.LifecycleBase.start(LifecycleBase.java:179)
		at org.apache.catalina.core.ContainerBase.addChildInternal(ContainerBase.java:597)
		... 35 more
	Caused by: java.lang.IllegalArgumentException: Les servlets nommés [PlaceOrderServlet] et [com.electronicstore.servlet.PlaceOrderServlet] sont tous deux associés au même modèle d'URL [/placeOrder], ce qui n'est pas permis
		at org.apache.tomcat.util.descriptor.web.WebXml.addServletMappingDecoded(WebXml.java:415)
		at org.apache.tomcat.util.descriptor.web.WebXml.addServletMapping(WebXml.java:406)
		at org.apache.catalina.startup.ContextConfig.processAnnotationWebServlet(ContextConfig.java:2554)
		at org.apache.catalina.startup.ContextConfig.processClass(ContextConfig.java:2260)
		at org.apache.catalina.startup.ContextConfig.processAnnotationsStream(ContextConfig.java:2249)
		at org.apache.catalina.startup.ContextConfig.processAnnotationsWebResource(ContextConfig.java:2160)
		at org.apache.catalina.startup.ContextConfig.processAnnotationsWebResource(ContextConfig.java:2155)
		at org.apache.catalina.startup.ContextConfig.processAnnotationsWebResource(ContextConfig.java:2155)
		at org.apache.catalina.startup.ContextConfig.processAnnotationsWebResource(ContextConfig.java:2155)
		at org.apache.catalina.startup.ContextConfig.processClasses(ContextConfig.java:1360)
		at org.apache.catalina.startup.ContextConfig.webConfig(ContextConfig.java:1270)
		at org.apache.catalina.startup.ContextConfig.configureStart(ContextConfig.java:971)
		at org.apache.catalina.startup.ContextConfig.lifecycleEvent(ContextConfig.java:288)
		at org.apache.catalina.util.LifecycleBase.fireLifecycleEvent(LifecycleBase.java:109)
		at org.apache.catalina.core.StandardContext.startInternal(StandardContext.java:4395)
		at org.apache.catalina.util.LifecycleBase.start(LifecycleBase.java:164)
		... 36 more
17-May-2026 18:34:29.060 INFO [main] org.apache.catalina.startup.HostConfig.deployDescriptor Le traitement du descripteur de déploiement [C:\Users\Ingénieur Jawher\Downloads\retail_store-main\retail_store-main\src\main\webapp\conf\Catalina\localhost\webapp.xml] a pris [755] ms
17-May-2026 18:34:29.068 INFO [main] org.apache.coyote.AbstractProtocol.start Démarrage du gestionnaire de protocole ["http-nio-8082"]
17-May-2026 18:34:29.261 INFO [main] org.apache.catalina.startup.Catalina.start Le démarrage du serveur a pris [1090] millisecondes
17-May-2026 18:36:39.230 INFO [Thread-1] org.apache.coyote.AbstractProtocol.pause Le gestionnaire de protocole ["http-nio-8082"] est mis en pause
17-May-2026 18:36:39.237 INFO [Thread-1] org.apache.catalina.core.StandardService.stopInternal Arrêt du service [Catalina]
17-May-2026 18:36:39.239 INFO [Thread-1] org.apache.coyote.AbstractProtocol.stop Arrêt du gestionnaire de protocole ["http-nio-8082"]
17-May-2026 18:36:39.244 INFO [Thread-1] org.apache.coyote.AbstractProtocol.destroy Destruction du gestionnaire de protocole ["http-nio-8082"]
